0 info it worked if it ends with ok
1 verbose cli [ '/usr/bin/nodejs',
1 verbose cli   '/usr/bin/npm',
1 verbose cli   'install',
1 verbose cli   '-g',
1 verbose cli   'coffee-script' ]
2 info using npm@1.3.10
3 info using node@v0.10.25
4 verbose cache add [ 'coffee-script', null ]
5 verbose cache add name=undefined spec="coffee-script" args=["coffee-script",null]
6 verbose parsed url { protocol: null,
6 verbose parsed url   slashes: null,
6 verbose parsed url   auth: null,
6 verbose parsed url   host: null,
6 verbose parsed url   port: null,
6 verbose parsed url   hostname: null,
6 verbose parsed url   hash: null,
6 verbose parsed url   search: null,
6 verbose parsed url   query: null,
6 verbose parsed url   pathname: 'coffee-script',
6 verbose parsed url   path: 'coffee-script',
6 verbose parsed url   href: 'coffee-script' }
7 silly lockFile ab358269-coffee-script coffee-script
8 verbose lock coffee-script /home/amanji/.npm/ab358269-coffee-script.lock
9 silly lockFile ab358269-coffee-script coffee-script
10 silly lockFile ab358269-coffee-script coffee-script
11 verbose addNamed [ 'coffee-script', '' ]
12 verbose addNamed [ null, '*' ]
13 silly lockFile 53951495-coffee-script coffee-script@
14 verbose lock coffee-script@ /home/amanji/.npm/53951495-coffee-script.lock
15 silly addNameRange { name: 'coffee-script', range: '*', hasData: false }
16 verbose url raw coffee-script
17 verbose url resolving [ 'https://registry.npmjs.org/', './coffee-script' ]
18 verbose url resolved https://registry.npmjs.org/coffee-script
19 info trying registry request attempt 1 at 11:14:33
20 verbose etag "9CH0KO1V0C4MIKJAMJ5IN626D"
21 http GET https://registry.npmjs.org/coffee-script
22 http 304 https://registry.npmjs.org/coffee-script
23 silly registry.get cb [ 304,
23 silly registry.get   { date: 'Mon, 16 Jun 2014 17:14:37 GMT',
23 silly registry.get     server: 'Apache',
23 silly registry.get     via: '1.1 varnish',
23 silly registry.get     'last-modified': 'Mon, 16 Jun 2014 17:14:30 GMT',
23 silly registry.get     'cache-control': 'max-age=30',
23 silly registry.get     etag: '"9CH0KO1V0C4MIKJAMJ5IN626D"',
23 silly registry.get     'x-served-by': 'cache-v43-ASH',
23 silly registry.get     'x-cache': 'HIT',
23 silly registry.get     'x-cache-hits': '4',
23 silly registry.get     'x-timer': 'S1402938877.742638,VS0,VE0',
23 silly registry.get     vary: 'Accept',
23 silly registry.get     'content-length': '0',
23 silly registry.get     'keep-alive': 'timeout=10, max=50',
23 silly registry.get     connection: 'Keep-Alive' } ]
24 verbose etag coffee-script from cache
25 silly addNameRange number 2 { name: 'coffee-script', range: '*', hasData: true }
26 silly addNameRange versions [ 'coffee-script',
26 silly addNameRange   [ '0.7.0',
26 silly addNameRange     '0.7.1',
26 silly addNameRange     '0.7.2',
26 silly addNameRange     '0.9.0',
26 silly addNameRange     '0.9.1',
26 silly addNameRange     '0.9.2',
26 silly addNameRange     '0.9.3',
26 silly addNameRange     '0.9.4',
26 silly addNameRange     '0.9.5',
26 silly addNameRange     '0.9.6',
26 silly addNameRange     '1.0.0',
26 silly addNameRange     '1.0.1',
26 silly addNameRange     '1.1.0',
26 silly addNameRange     '1.1.1',
26 silly addNameRange     '1.1.2',
26 silly addNameRange     '1.1.3',
26 silly addNameRange     '1.2.0',
26 silly addNameRange     '1.3.0',
26 silly addNameRange     '1.3.1',
26 silly addNameRange     '1.3.2',
26 silly addNameRange     '1.3.3',
26 silly addNameRange     '1.4.0',
26 silly addNameRange     '1.5.0',
26 silly addNameRange     '1.6.0',
26 silly addNameRange     '1.6.1',
26 silly addNameRange     '1.6.2',
26 silly addNameRange     '1.6.3',
26 silly addNameRange     '1.7.0',
26 silly addNameRange     '1.7.1' ] ]
27 verbose addNamed [ 'coffee-script', '1.7.1' ]
28 verbose addNamed [ '1.7.1', '1.7.1' ]
29 silly lockFile 66cb63a1-coffee-script-1-7-1 coffee-script@1.7.1
30 verbose lock coffee-script@1.7.1 /home/amanji/.npm/66cb63a1-coffee-script-1-7-1.lock
31 silly lockFile 66cb63a1-coffee-script-1-7-1 coffee-script@1.7.1
32 silly lockFile 66cb63a1-coffee-script-1-7-1 coffee-script@1.7.1
33 silly lockFile 53951495-coffee-script coffee-script@
34 silly lockFile 53951495-coffee-script coffee-script@
35 silly resolved [ { name: 'coffee-script',
35 silly resolved     description: 'Unfancy JavaScript',
35 silly resolved     keywords: [ 'javascript', 'language', 'coffeescript', 'compiler' ],
35 silly resolved     author: { name: 'Jeremy Ashkenas' },
35 silly resolved     version: '1.7.1',
35 silly resolved     license: 'MIT',
35 silly resolved     engines: { node: '>=0.8.0' },
35 silly resolved     directories: { lib: './lib/coffee-script' },
35 silly resolved     main: './lib/coffee-script/coffee-script',
35 silly resolved     bin: { coffee: './bin/coffee', cake: './bin/cake' },
35 silly resolved     scripts: { test: 'node ./bin/cake test' },
35 silly resolved     homepage: 'http://coffeescript.org',
35 silly resolved     bugs: { url: 'https://github.com/jashkenas/coffee-script/issues' },
35 silly resolved     repository:
35 silly resolved      { type: 'git',
35 silly resolved        url: 'git://github.com/jashkenas/coffee-script.git' },
35 silly resolved     devDependencies:
35 silly resolved      { 'uglify-js': '~2.2',
35 silly resolved        jison: '>=0.2.0',
35 silly resolved        'highlight.js': '~8.0.0',
35 silly resolved        underscore: '~1.5.2' },
35 silly resolved     dependencies: { mkdirp: '~0.3.5' },
35 silly resolved     readme: '            {\n         }   }   {\n        {   {  }  }\n         }   }{  {\n        {  }{  }  }                    _____       __  __\n       { }{ }{  { }                   / ____|     / _|/ _|\n     .- { { }  { }} -.               | |     ___ | |_| |_ ___  ___\n    (  { } { } { } }  )              | |    / _ \\|  _|  _/ _ \\/ _ \\\n    |`-..________ ..-\'|              | |___| (_) | | | ||  __/  __/\n    |                 |               \\_____\\___/|_| |_| \\___|\\___|\n    |                 ;--.\n    |                (__  \\            _____           _       _\n    |                 | )  )          / ____|         (_)     | |\n    |                 |/  /          | (___   ___ _ __ _ _ __ | |_\n    |                 (  /            \\___ \\ / __| \'__| | \'_ \\| __|\n    |                 |/              ____) | (__| |  | | |_) | |_\n    |                 |              |_____/ \\___|_|  |_| .__/ \\__|\n     `-.._________..-\'                                  | |\n                                                        |_|\n\n\n  CoffeeScript is a little language that compiles into JavaScript.\n\n  If you have the Node Package Manager installed:\n  npm install -g coffee-script\n  (Leave off the -g if you don\'t wish to install globally.)\n\n  Or, if you don\'t wish to use npm:\n  sudo bin/cake install\n\n  Execute a script:\n  coffee /path/to/script.coffee\n\n  Compile a script:\n  coffee -c /path/to/script.coffee\n\n  For documentation, usage, and examples, see:\n  http://coffeescript.org/\n\n  To suggest a feature, report a bug, or general discussion:\n  http://github.com/jashkenas/coffee-script/issues/\n\n  If you\'d like to chat, drop by #coffeescript on Freenode IRC,\n  or on webchat.freenode.net.\n\n  The source repository:\n  git://github.com/jashkenas/coffee-script.git\n\n  Top 100 contributors are listed here:\n  http://github.com/jashkenas/coffee-script/contributors\n',
35 silly resolved     readmeFilename: 'README',
35 silly resolved     _id: 'coffee-script@1.7.1',
35 silly resolved     _from: 'coffee-script@' } ]
36 info install coffee-script@1.7.1 into /usr/local/lib
37 info installOne coffee-script@1.7.1
38 info /usr/local/lib/node_modules/coffee-script unbuild
39 info preuninstall coffee-script@1.7.1
40 info uninstall coffee-script@1.7.1
41 verbose true,/usr/local/lib/node_modules,/usr/local/lib/node_modules unbuild coffee-script@1.7.1
42 verbose /usr/local/bin,[object Object] binRoot
43 info /usr/local/lib/node_modules/coffee-script unbuild
44 info preuninstall coffee-script@1.7.1
45 info uninstall coffee-script@1.7.1
46 verbose true,/usr/local/lib/node_modules,/usr/local/lib/node_modules unbuild coffee-script@1.7.1
47 verbose /usr/local/bin,[object Object] binRoot
48 error error rolling back Error: EACCES, unlink '/usr/local/bin/coffee'
48 error error rolling back  coffee-script@1.7.1 { [Error: EACCES, unlink '/usr/local/bin/coffee'] errno: 3, code: 'EACCES', path: '/usr/local/bin/coffee' }
49 error Error: EACCES, unlink '/usr/local/bin/coffee'
49 error  { [Error: EACCES, unlink '/usr/local/bin/coffee'] errno: 3, code: 'EACCES', path: '/usr/local/bin/coffee' }
50 error Please try running this command again as root/Administrator.
51 error System Linux 3.13.0-29-generic
52 error command "/usr/bin/nodejs" "/usr/bin/npm" "install" "-g" "coffee-script"
53 error cwd /home/amanji/repos/computational_platform/App/Lib
54 error node -v v0.10.25
55 error npm -v 1.3.10
56 error path /usr/local/bin/coffee
57 error code EACCES
58 error errno 3
59 error stack Error: EACCES, unlink '/usr/local/bin/coffee'
60 verbose exit [ 3, true ]
