This is pdfTeX, Version 3.14159265-2.6-1.40.16 (TeX Live 2015/Debian) (preloaded format=pdflatex 2015.7.9)  11 AUG 2015 14:56
entering extended mode
 restricted \write18 enabled.
 %&-line parsing enabled.
**superphy_bmc_article
(./superphy_bmc_article.tex
LaTeX2e <2015/01/01> patch level 1
Babel <3.9l> and hyphenation patterns for 2 languages loaded.
(./bmcart.cls
Document Class: bmcart 2012/06/27BioMed Central class (VS)
(/usr/share/texlive/texmf-dist/tex/latex/base/article.cls
Document Class: article 2014/09/29 v1.4h Standard LaTeX document class
(/usr/share/texlive/texmf-dist/tex/latex/base/size10.clo
File: size10.clo 2014/09/29 v1.4h Standard LaTeX file (size option)
)
\c@part=\count79
\c@section=\count80
\c@subsection=\count81
\c@subsubsection=\count82
\c@paragraph=\count83
\c@subparagraph=\count84
\c@figure=\count85
\c@table=\count86
\abovecaptionskip=\skip41
\belowcaptionskip=\skip42
\bibindent=\dimen102
)
\mathindent=\dimen103

(/usr/share/texlive/texmf-dist/tex/latex/graphics/keyval.sty
Package: keyval 2014/10/28 v1.15 key=value parser (DPC)
\KV@toks@=\toks14
)
(/usr/share/texlive/texmf-dist/tex/latex/xcolor/xcolor.sty
Package: xcolor 2007/01/21 v2.11 LaTeX color extensions (UK)

(/usr/share/texlive/texmf-dist/tex/latex/latexconfig/color.cfg
File: color.cfg 2007/01/18 v1.5 color configuration of teTeX/TeXLive
)
Package xcolor Info: Driver file: pdftex.def on input line 225.

(/usr/share/texlive/texmf-dist/tex/latex/pdftex-def/pdftex.def
File: pdftex.def 2011/05/27 v0.06d Graphics/color for pdfTeX

(/usr/share/texlive/texmf-dist/tex/generic/oberdiek/infwarerr.sty
Package: infwarerr 2010/04/08 v1.3 Providing info/warning/error messages (HO)
)
(/usr/share/texlive/texmf-dist/tex/generic/oberdiek/ltxcmds.sty
Package: ltxcmds 2011/11/09 v1.22 LaTeX kernel commands for general use (HO)
)
\Gread@gobject=\count87
)
Package xcolor Info: Model `cmy' substituted by `cmy0' on input line 1337.
Package xcolor Info: Model `hsb' substituted by `rgb' on input line 1341.
Package xcolor Info: Model `RGB' extended on input line 1353.
Package xcolor Info: Model `HTML' substituted by `rgb' on input line 1355.
Package xcolor Info: Model `Hsb' substituted by `hsb' on input line 1356.
Package xcolor Info: Model `tHsb' substituted by `hsb' on input line 1357.
Package xcolor Info: Model `HSB' substituted by `hsb' on input line 1358.
Package xcolor Info: Model `Gray' substituted by `gray' on input line 1359.
Package xcolor Info: Model `wave' substituted by `hsb' on input line 1360.
)
(/usr/share/texlive/texmf-dist/tex/latex/lastpage/lastpage.sty
Package: lastpage 2015/03/29 v1.2m Refers to last page's name (HMM; JPG)
)
\c@thanks=\count88
\bmcfloat@box=\box26
\c@author=\count89
\c@address=\count90
\sv@mathsurround=\dimen104
\fm@box=\box27
\c@addressref=\count91
\thanks@box=\box28
\abstract@box=\box29
\authors@list=\toks15
\keywords@list=\toks16
\numberlines@box=\box30
\numberlines@box@skip=\skip43
)
(/usr/share/texlive/texmf-dist/tex/latex/hyperref/hyperref.sty
Package: hyperref 2012/11/06 v6.83m Hypertext links for LaTeX

(/usr/share/texlive/texmf-dist/tex/generic/oberdiek/hobsub-hyperref.sty
Package: hobsub-hyperref 2012/05/28 v1.13 Bundle oberdiek, subset hyperref (HO)


(/usr/share/texlive/texmf-dist/tex/generic/oberdiek/hobsub-generic.sty
Package: hobsub-generic 2012/05/28 v1.13 Bundle oberdiek, subset generic (HO)
Package: hobsub 2012/05/28 v1.13 Construct package bundles (HO)
Package hobsub Info: Skipping package `infwarerr' (already loaded).
Package hobsub Info: Skipping package `ltxcmds' (already loaded).
Package: ifluatex 2010/03/01 v1.3 Provides the ifluatex switch (HO)
Package ifluatex Info: LuaTeX not detected.
Package: ifvtex 2010/03/01 v1.5 Detect VTeX and its facilities (HO)
Package ifvtex Info: VTeX not detected.
Package: intcalc 2007/09/27 v1.1 Expandable calculations with integers (HO)
Package: ifpdf 2011/01/30 v2.3 Provides the ifpdf switch (HO)
Package ifpdf Info: pdfTeX in PDF mode is detected.
Package: etexcmds 2011/02/16 v1.5 Avoid name clashes with e-TeX commands (HO)
Package etexcmds Info: Could not find \expanded.
(etexcmds)             That can mean that you are not using pdfTeX 1.50 or
(etexcmds)             that some package has redefined \expanded.
(etexcmds)             In the latter case, load this package earlier.
Package: kvsetkeys 2012/04/25 v1.16 Key value parser (HO)
Package: kvdefinekeys 2011/04/07 v1.3 Define keys (HO)
Package: pdftexcmds 2011/11/29 v0.20 Utility functions of pdfTeX for LuaTeX (HO
)
Package pdftexcmds Info: LuaTeX not detected.
Package pdftexcmds Info: \pdf@primitive is available.
Package pdftexcmds Info: \pdf@ifprimitive is available.
Package pdftexcmds Info: \pdfdraftmode found.
Package: pdfescape 2011/11/25 v1.13 Implements pdfTeX's escape features (HO)
Package: bigintcalc 2012/04/08 v1.3 Expandable calculations on big integers (HO
)
Package: bitset 2011/01/30 v1.1 Handle bit-vector datatype (HO)
Package: uniquecounter 2011/01/30 v1.2 Provide unlimited unique counter (HO)
)
Package hobsub Info: Skipping package `hobsub' (already loaded).
Package: letltxmacro 2010/09/02 v1.4 Let assignment for LaTeX macros (HO)
Package: hopatch 2012/05/28 v1.2 Wrapper for package hooks (HO)
Package: xcolor-patch 2011/01/30 xcolor patch
Package: atveryend 2011/06/30 v1.8 Hooks at the very end of document (HO)
Package atveryend Info: \enddocument detected (standard20110627).
Package: atbegshi 2011/10/05 v1.16 At begin shipout hook (HO)
Package: refcount 2011/10/16 v3.4 Data extraction from label references (HO)
Package: hycolor 2011/01/30 v1.7 Color options for hyperref/bookmark (HO)
)
(/usr/share/texlive/texmf-dist/tex/generic/ifxetex/ifxetex.sty
Package: ifxetex 2010/09/12 v0.6 Provides ifxetex conditional
)
(/usr/share/texlive/texmf-dist/tex/latex/oberdiek/auxhook.sty
Package: auxhook 2011/03/04 v1.3 Hooks for auxiliary files (HO)
)
(/usr/share/texlive/texmf-dist/tex/latex/oberdiek/kvoptions.sty
Package: kvoptions 2011/06/30 v3.11 Key value format for package options (HO)
)
\@linkdim=\dimen105
\Hy@linkcounter=\count92
\Hy@pagecounter=\count93

(/usr/share/texlive/texmf-dist/tex/latex/hyperref/pd1enc.def
File: pd1enc.def 2012/11/06 v6.83m Hyperref: PDFDocEncoding definition (HO)
)
\Hy@SavedSpaceFactor=\count94

(/usr/share/texlive/texmf-dist/tex/latex/latexconfig/hyperref.cfg
File: hyperref.cfg 2002/06/06 v1.2 hyperref configuration of TeXLive
)
Package hyperref Info: Option `colorlinks' set `true' on input line 4319.


Package hyperref Warning: Option `pagecolor' is not available anymore.

Package hyperref Info: Hyper figures OFF on input line 4443.
Package hyperref Info: Link nesting OFF on input line 4448.
Package hyperref Info: Hyper index ON on input line 4451.
Package hyperref Info: Plain pages OFF on input line 4458.
Package hyperref Info: Backreferencing OFF on input line 4463.
Package hyperref Info: Implicit mode ON; LaTeX internals redefined.
Package hyperref Info: Bookmarks ON on input line 4688.
\c@Hy@tempcnt=\count95
(/usr/share/texlive/texmf-dist/tex/latex/url/url.sty
\Urlmuskip=\muskip10
Package: url 2013/09/16  ver 3.4  Verb mode for urls, etc.
)
LaTeX Info: Redefining \url on input line 5041.
\XeTeXLinkMargin=\dimen106
\Fld@menulength=\count96
\Field@Width=\dimen107
\Fld@charsize=\dimen108
Package hyperref Info: Hyper figures OFF on input line 6295.
Package hyperref Info: Link nesting OFF on input line 6300.
Package hyperref Info: Hyper index ON on input line 6303.
Package hyperref Info: backreferencing OFF on input line 6310.
Package hyperref Info: Link coloring ON on input line 6313.
Package hyperref Info: Link coloring with OCG OFF on input line 6320.
Package hyperref Info: PDF/A mode OFF on input line 6325.
LaTeX Info: Redefining \ref on input line 6365.
LaTeX Info: Redefining \pageref on input line 6369.
\Hy@abspage=\count97
\c@Item=\count98
\c@Hfootnote=\count99
)

Package hyperref Message: Driver (autodetected): hpdftex.

(/usr/share/texlive/texmf-dist/tex/latex/hyperref/hpdftex.def
File: hpdftex.def 2012/11/06 v6.83m Hyperref driver for pdfTeX
\Fld@listcount=\count100
\c@bookmark@seq@number=\count101

(/usr/share/texlive/texmf-dist/tex/latex/oberdiek/rerunfilecheck.sty
Package: rerunfilecheck 2011/04/15 v1.7 Rerun checks for auxiliary files (HO)
Package uniquecounter Info: New unique counter `rerunfilecheck' on input line 2
82.
)
\Hy@SectionHShift=\skip44
)
(/usr/share/texlive/texmf-dist/tex/latex/graphics/lscape.sty
Package: lscape 2000/10/22 v3.01 Landscape Pages (DPC)

(/usr/share/texlive/texmf-dist/tex/latex/graphics/graphics.sty
Package: graphics 2014/10/28 v1.0p Standard LaTeX Graphics (DPC,SPQR)

(/usr/share/texlive/texmf-dist/tex/latex/graphics/trig.sty
Package: trig 1999/03/16 v1.09 sin cos tan (DPC)
)
(/usr/share/texlive/texmf-dist/tex/latex/latexconfig/graphics.cfg
File: graphics.cfg 2010/04/23 v1.9 graphics configuration of TeX Live
)
Package graphics Info: Driver file: pdftex.def on input line 94.
))
(/usr/share/texlive/texmf-dist/tex/latex/graphics/graphicx.sty
Package: graphicx 2014/10/28 v1.0g Enhanced LaTeX Graphics (DPC,SPQR)
\Gin@req@height=\dimen109
\Gin@req@width=\dimen110
)
(/usr/share/texlive/texmf-dist/tex/latex/oberdiek/pdflscape.sty
Package: pdflscape 2008/08/11 v0.10 Display of landscape pages in PDF (HO)
Package pdflscape Info: Auto-detected driver: pdftex on input line 80.
)
(./superphy_bmc_article.aux)
\openout1 = `superphy_bmc_article.aux'.

LaTeX Font Info:    Checking defaults for OML/cmm/m/it on input line 92.
LaTeX Font Info:    ... okay on input line 92.
LaTeX Font Info:    Checking defaults for T1/cmr/m/n on input line 92.
LaTeX Font Info:    ... okay on input line 92.
LaTeX Font Info:    Checking defaults for OT1/cmr/m/n on input line 92.
LaTeX Font Info:    ... okay on input line 92.
LaTeX Font Info:    Checking defaults for OMS/cmsy/m/n on input line 92.
LaTeX Font Info:    ... okay on input line 92.
LaTeX Font Info:    Checking defaults for OMX/cmex/m/n on input line 92.
LaTeX Font Info:    ... okay on input line 92.
LaTeX Font Info:    Checking defaults for U/cmr/m/n on input line 92.
LaTeX Font Info:    ... okay on input line 92.
LaTeX Font Info:    Checking defaults for PD1/pdf/m/n on input line 92.
LaTeX Font Info:    ... okay on input line 92.

(/usr/share/texlive/texmf-dist/tex/context/base/supp-pdf.mkii
[Loading MPS to PDF converter (version 2006.09.02).]
\scratchcounter=\count102
\scratchdimen=\dimen111
\scratchbox=\box31
\nofMPsegments=\count103
\nofMParguments=\count104
\everyMPshowfont=\toks17
\MPscratchCnt=\count105
\MPscratchDim=\dimen112
\MPnumerator=\count106
\makeMPintoPDFobject=\count107
\everyMPtoPDFconversion=\toks18
)
Package lastpage Info: Please have a look at the pageslts package at
(lastpage)             https://www.ctan.org/pkg/pageslts
(lastpage)             ! on input line 92.
\AtBeginShipoutBox=\box32
Package hyperref Info: Link coloring ON on input line 92.
 (/usr/share/texlive/texmf-dist/tex/latex/hyperref/nameref.sty
Package: nameref 2012/10/27 v2.43 Cross-referencing by name of section

(/usr/share/texlive/texmf-dist/tex/generic/oberdiek/gettitlestring.sty
Package: gettitlestring 2010/12/03 v1.4 Cleanup title references (HO)
)
\c@section@level=\count108
)
LaTeX Info: Redefining \ref on input line 92.
LaTeX Info: Redefining \pageref on input line 92.
LaTeX Info: Redefining \nameref on input line 92.

(./superphy_bmc_article.out) (./superphy_bmc_article.out)
\@outlinefile=\write3
\openout3 = `superphy_bmc_article.out'.


(/usr/share/texlive/texmf-dist/tex/latex/oberdiek/epstopdf-base.sty
Package: epstopdf-base 2010/02/09 v2.5 Base part for package epstopdf

(/usr/share/texlive/texmf-dist/tex/latex/oberdiek/grfext.sty
Package: grfext 2010/08/19 v1.1 Manage graphics extensions (HO)
)
Package grfext Info: Graphics extension search list:
(grfext)             [.png,.pdf,.jpg,.mps,.jpeg,.jbig2,.jb2,.PNG,.PDF,.JPG,.JPE
G,.JBIG2,.JB2,.eps]
(grfext)             \AppendGraphicsExtensions on input line 452.

(/usr/share/texlive/texmf-dist/tex/latex/latexconfig/epstopdf-sys.cfg
File: epstopdf-sys.cfg 2010/07/13 v1.3 Configuration of (r)epstopdf for TeX Liv
e
))

LaTeX Font Warning: Font shape `OT1/cmss/bx/n' in size <13> not available
(Font)              size <12> substituted on input line 98.

! Undefined control sequence.
l.105 \sub
          {Title Page}
The control sequence at the end of the top line
of your error message was never \def'ed. If you have
misspelled it (e.g., `\hobx'), type `I' and the correct
spelling (e.g., `I\hbox'). Otherwise just continue,
and I'll forget about whatever was undefined.


LaTeX Font Warning: Font shape `OT1/cmss/m/n' in size <24> not available
(Font)              size <24.88> substituted on input line 106.


LaTeX Font Warning: Font shape `OT1/cmss/m/n' in size <20> not available
(Font)              size <20.74> substituted on input line 107.


LaTeX Font Warning: Font shape `OT1/cmss/m/it' in size <20> not available
(Font)              Font shape `OT1/cmss/m/sl' tried instead on input line 107.



LaTeX Font Warning: Font shape `OT1/cmss/m/sl' in size <20> not available
(Font)              size <20.74> substituted on input line 107.

LaTeX Font Info:    Calculating math sizes for size <11> on input line 127.

LaTeX Font Warning: Font shape `OT1/cmr/m/n' in size <5.5> not available
(Font)              size <5> substituted on input line 127.


LaTeX Font Warning: Font shape `OML/cmm/m/it' in size <5.5> not available
(Font)              size <5> substituted on input line 127.


LaTeX Font Warning: Font shape `OMS/cmsy/m/n' in size <5.5> not available
(Font)              size <5> substituted on input line 127.

LaTeX Font Info:    External font `cmex10' loaded for size
(Font)              <11> on input line 127.
LaTeX Font Info:    External font `cmex10' loaded for size
(Font)              <7.69997> on input line 127.
LaTeX Font Info:    External font `cmex10' loaded for size
(Font)              <5.5> on input line 127.
LaTeX Font Info:    Try loading font information for OMS+cmss on input line 127
.
LaTeX Font Info:    No file OMScmss.fd. on input line 127.

LaTeX Font Warning: Font shape `OMS/cmss/m/n' undefined
(Font)              using `OMS/cmsy/m/n' instead
(Font)              for symbol `textdagger' on input line 127.

! Undefined control sequence.
l.150 \p
        {
The control sequence at the end of the top line
of your error message was never \def'ed. If you have
misspelled it (e.g., `\hobx'), type `I' and the correct
spelling (e.g., `I\hbox'). Otherwise just continue,
and I'll forget about whatever was undefined.

\address@aff1=\toks19
\address@aff2=\toks20
LaTeX Font Info:    External font `cmex10' loaded for size
(Font)              <7> on input line 204.
LaTeX Font Info:    External font `cmex10' loaded for size
(Font)              <5> on input line 204.

LaTeX Font Warning: Font shape `OT1/cmss/m/it' in size <8> not available
(Font)              Font shape `OT1/cmss/m/sl' tried instead on input line 218.



Overfull \hbox (1.0pt too wide) has occurred while \output is active
 [] []
 []

[1{/var/lib/texmf/fonts/map/pdftex/updmap/pdftex.map}

]

LaTeX Font Warning: Font shape `OT1/cmss/m/it' in size <10> not available
(Font)              Font shape `OT1/cmss/m/sl' tried instead on input line 227.


[2] [3] [4] [5] [6]
Underfull \hbox (badness 2922) in paragraph at lines 337--338
\OT1/cmtt/m/n/10 com / superphy / version-[]1 / Sequences / genbank _ to _ geno
do . pl$[][]\OT1/cmr/m/n/10 . For the ini-tial
 []


Underfull \vbox (badness 4556) has occurred while \output is active []

 [7]
[8] [9]
Underfull \hbox (badness 4168) in paragraph at lines 363--364
\OT1/cmtt/m/n/10 googlecode . com / svn / trunk / markerclustererplus / docs / 
reference . html$[][] \OT1/cmr/m/n/10 was
 []

[10] [11]
Underfull \hbox (badness 10000) in paragraph at lines 379--380
\OT1/cmtt/m/n/10 com / superphy / version-[]1 / Sequences / genome _ content _ 
panseq / binary _ table .
 []


Underfull \hbox (badness 1142) in paragraph at lines 379--380
\OT1/cmr/m/n/10 sults are avail-able at [][]$\OT1/cmtt/m/n/10 https : / / githu
b . com / superphy / version-[]1 / Sequences /
 []


Underfull \hbox (badness 4927) in paragraph at lines 379--380
\OT1/cmtt/m/n/10 genome _ content _ panseq / UB0HWGTR015-[]Alignment . xml$[][]
 \OT1/cmr/m/n/10 and [][]$\OT1/cmtt/m/n/10 https : / / github .
 []


Overfull \hbox (44.24648pt too wide) in paragraph at lines 379--380
\OT1/cmtt/m/n/10 com / superphy / version-[]1 / Sequences / genome _ content _ 
panseq / UD4GVA26015-[]Alignment .
 []

[12] [13] [14]
Underfull \vbox (badness 7012) has occurred while \output is active []

 [15]
! Undefined control sequence.
l.430 \text
           {SNP:} single-nucleotide polymorphism
The control sequence at the end of the top line
of your error message was never \def'ed. If you have
misspelled it (e.g., `\hobx'), type `I' and the correct
spelling (e.g., `I\hbox'). Otherwise just continue,
and I'll forget about whatever was undefined.

(./superphy_bmc_article.bbl [16]

LaTeX Font Warning: Font shape `OT1/cmss/m/it' in size <7> not available
(Font)              Font shape `OT1/cmss/m/sl' tried instead on input line 127.


Missing character: There is no Ã in font cmss8!
Missing character: There is no ¸ in font cmss8!
Missing character: There is no Ã in font cmss8!
Missing character: There is no ¤ in font cmss8!
Missing character: There is no Ã in font cmss8!
Missing character: There is no ¤ in font cmss8!
Missing character: There is no Ã in font cmss8!
Missing character: There is no ¤ in font cmss8!
Missing character: There is no Ã in font cmss8!
Missing character: There is no ¶ in font cmss8!

Underfull \vbox (badness 10000) has occurred while \output is active []

 [17]
Missing character: There is no â in font cmss8!
Missing character: There is no € in font cmss8!
Missing character: There is no “ in font cmss8!

Underfull \vbox (badness 10000) has occurred while \output is active []

 [18]
Missing character: There is no Ã in font cmss8!
Missing character: There is no ¤ in font cmss8!
Missing character: There is no Ã in font cmss8!
Missing character: There is no © in font cmss8!
)
<images/metadata_tree.png, id=424, 717.43031pt x 931.98187pt>
File: images/metadata_tree.png Graphic file (type png)

<use images/metadata_tree.png>
Package pdftex.def Info: images/metadata_tree.png used on input line 488.
(pdftex.def)             Requested size: 361.0pt x 468.96196pt.

Overfull \hbox (12.5pt too wide) in paragraph at lines 488--489
 [][] 
 []


LaTeX Warning: `!h' float specifier changed to `!ht'.

[19] [20 <./images/metadata_tree.png>]
<images/uk-map.png, id=439, 1776.6375pt x 1022.31938pt>
File: images/uk-map.png Graphic file (type png)

<use images/uk-map.png>
Package pdftex.def Info: images/uk-map.png used on input line 496.
(pdftex.def)             Requested size: 620.348pt x 356.95918pt.


LaTeX Warning: Float too large for page by 99.39436pt on input line 499.


LaTeX Warning: `!h' float specifier changed to `!ht'.

[21 <./images/uk-map.png (PNG copy)>]
<images/msa.png, id=445, 1199.23032pt x 1708.88437pt>
File: images/msa.png Graphic file (type png)
 <use images/msa.png>
Package pdftex.def Info: images/msa.png used on input line 504.
(pdftex.def)             Requested size: 433.1989pt x 617.28395pt.

Overfull \hbox (84.6989pt too wide) in paragraph at lines 504--505
 [][] 
 []


LaTeX Warning: Float too large for page by 29.9193pt on input line 507.


LaTeX Warning: `!h' float specifier changed to `!ht'.

<images/panGenomeSize.pdf, id=446, 505.89pt x 505.89pt>
File: images/panGenomeSize.pdf Graphic file (type pdf)

<use images/panGenomeSize.pdf>
Package pdftex.def Info: images/panGenomeSize.pdf used on input line 511.
(pdftex.def)             Requested size: 361.0pt x 361.00615pt.

Overfull \hbox (12.5pt too wide) in paragraph at lines 511--512
 [][] 
 []


LaTeX Warning: `!h' float specifier changed to `!ht'.

<images/specific_scatter.png, id=447, 505.89pt x 505.89pt>
File: images/specific_scatter.png Graphic file (type png)

<use images/specific_scatter.png>
Package pdftex.def Info: images/specific_scatter.png used on input line 519.
(pdftex.def)             Requested size: 361.0pt x 361.00615pt.

Overfull \hbox (12.5pt too wide) in paragraph at lines 519--520
 [][] 
 []


LaTeX Warning: `!h' float specifier changed to `!ht'.

[22 <./images/msa.png>] [23 <./images/panGenomeSize.pdf>] [24 <./images/specifi
c_scatter.png (PNG copy)>]
<images/gc_fet_results.png, id=469, 1291.07344pt x 829.59938pt>
File: images/gc_fet_results.png Graphic file (type png)

<use images/gc_fet_results.png>
Package pdftex.def Info: images/gc_fet_results.png used on input line 527.
(pdftex.def)             Requested size: 587.69601pt x 377.63287pt.


LaTeX Warning: Float too large for page by 82.26822pt on input line 530.


LaTeX Warning: `!h' float specifier changed to `!ht'.

<images/snp_info_page.png, id=470, 1619.29968pt x 840.89156pt>
File: images/snp_info_page.png Graphic file (type png)

<use images/snp_info_page.png>
Package pdftex.def Info: images/snp_info_page.png used on input line 534.
(pdftex.def)             Requested size: 653.0pt x 339.09648pt.

Overfull \hbox (12.5pt too wide) in paragraph at lines 534--535
 [][] 
 []


LaTeX Warning: Float too large for page by 44.17627pt on input line 537.


LaTeX Warning: `!h' float specifier changed to `!ht'.

<images/gc_fet_multiple_groups.png, id=471, 1296.34312pt x 863.47594pt>
File: images/gc_fet_multiple_groups.png Graphic file (type png)

<use images/gc_fet_multiple_groups.png>
Package pdftex.def Info: images/gc_fet_multiple_groups.png used on input line 5
41.
(pdftex.def)             Requested size: 587.69601pt x 391.4592pt.


LaTeX Warning: Float too large for page by 108.69449pt on input line 544.


LaTeX Warning: `!h' float specifier changed to `!ht'.

[25 <./images/gc_fet_results.png (PNG copy)>] [26 <./images/snp_info_page.png (
PNG copy)>] [27 <./images/gc_fet_multiple_groups.png (PNG copy)>]
<images/vf_output.png, id=488, 626.34pt x 925.20656pt>
File: images/vf_output.png Graphic file (type png)

<use images/vf_output.png>
Package pdftex.def Info: images/vf_output.png used on input line 549.
(pdftex.def)             Requested size: 361.0pt x 533.27434pt.

Overfull \hbox (12.5pt too wide) in paragraph at lines 549--550
 [][] 
 []


LaTeX Warning: `!h' float specifier changed to `!ht'.

[28 <./images/vf_output.png (PNG copy)>]
<images/map_tree_california.png, id=495, 1775.13188pt x 1017.8025pt>
File: images/map_tree_california.png Graphic file (type png)

<use images/map_tree_california.png>
Package pdftex.def Info: images/map_tree_california.png used on input line 557.

(pdftex.def)             Requested size: 653.0pt x 374.40678pt.

Overfull \hbox (12.5pt too wide) in paragraph at lines 557--558
 [][] 
 []


LaTeX Warning: Float too large for page by 102.68646pt on input line 560.


LaTeX Warning: `!h' float specifier changed to `!ht'.

[29 <./images/map_tree_california.png (PNG copy)>]
<images/o104_clade.png, id=501, 1475.5125pt x 1016.29688pt>
File: images/o104_clade.png Graphic file (type png)

<use images/o104_clade.png>
Package pdftex.def Info: images/o104_clade.png used on input line 566.
(pdftex.def)             Requested size: 620.348pt x 427.27599pt.


LaTeX Warning: Float too large for page by 131.91133pt on input line 569.


LaTeX Warning: `!h' float specifier changed to `!ht'.

[30 <./images/o104_clade.png (PNG copy)>]
LaTeX Font Info:    External font `cmex10' loaded for size
(Font)              <8> on input line 584.
LaTeX Font Info:    External font `cmex10' loaded for size
(Font)              <6> on input line 584.
 [31








]
Overfull \hbox (3.66573pt too wide) in paragraph at lines 604--629
 [][] 
 []

[32]
Overfull \hbox (34.35469pt too wide) in paragraph at lines 635--651
 [][] 
 []


AED: lastpage setting LastPage
[33]
Package atveryend Info: Empty hook `BeforeClearDocument' on input line 671.
Package atveryend Info: Empty hook `AfterLastShipout' on input line 671.
 (./superphy_bmc_article.aux)
Package atveryend Info: Executing hook `AtVeryEndDocument' on input line 671.
Package atveryend Info: Executing hook `AtEndAfterFileList' on input line 671.
Package rerunfilecheck Info: File `superphy_bmc_article.out' has not changed.
(rerunfilecheck)             Checksum: D02F14E7E77244A41BE0878D88BC734A;1585.


LaTeX Font Warning: Size substitutions with differences
(Font)              up to 1.0pt have occurred.


LaTeX Font Warning: Some font shapes were not available, defaults substituted.

Package atveryend Info: Empty hook `AtVeryVeryEnd' on input line 671.
 ) 
Here is how much of TeX's memory you used:
 6474 strings out of 495004
 95171 string characters out of 6181307
 214949 words of memory out of 5000000
 9512 multiletter control sequences out of 15000+600000
 12380 words of font info for 43 fonts, out of 8000000 for 9000
 14 hyphenation exceptions out of 8191
 30i,9n,39p,1479b,541s stack positions out of 5000i,500n,10000p,200000b,80000s
</usr/share/texlive/texmf-dist/fonts/type1/public/amsfonts/cm/cmr10.pfb></usr
/share/texlive/texmf-dist/fonts/type1/public/amsfonts/cm/cmss10.pfb></usr/share
/texlive/texmf-dist/fonts/type1/public/amsfonts/cm/cmss17.pfb></usr/share/texli
ve/texmf-dist/fonts/type1/public/amsfonts/cm/cmss8.pfb></usr/share/texlive/texm
f-dist/fonts/type1/public/amsfonts/cm/cmssbx10.pfb></usr/share/texlive/texmf-di
st/fonts/type1/public/amsfonts/cm/cmssi10.pfb></usr/share/texlive/texmf-dist/fo
nts/type1/public/amsfonts/cm/cmssi17.pfb></usr/share/texlive/texmf-dist/fonts/t
ype1/public/amsfonts/cm/cmssi8.pfb></usr/share/texlive/texmf-dist/fonts/type1/p
ublic/amsfonts/cm/cmsy5.pfb></usr/share/texlive/texmf-dist/fonts/type1/public/a
msfonts/cm/cmsy8.pfb></usr/share/texlive/texmf-dist/fonts/type1/public/amsfonts
/cm/cmti10.pfb></usr/share/texlive/texmf-dist/fonts/type1/public/amsfonts/cm/cm
tt10.pfb></usr/share/texlive/texmf-dist/fonts/type1/public/amsfonts/cm/cmtt8.pf
b>
Output written on superphy_bmc_article.pdf (33 pages, 3241103 bytes).
PDF statistics:
 596 PDF objects out of 1000 (max. 8388607)
 528 compressed objects within 6 object streams
 138 named destinations out of 1000 (max. 500000)
 232 words of extra memory for PDF output out of 10000 (max. 10000000)

