\BOOKMARK [1][-]{section*.1}{Abstract}{}% 1
\BOOKMARK [1][-]{section.1}{Platform Features}{}% 2
\BOOKMARK [2][-]{subsection.1.1}{Navigation and Overview}{section.1}% 3
\BOOKMARK [2][-]{subsection.1.2}{Strain Selection}{section.1}% 4
\BOOKMARK [2][-]{subsection.1.3}{Website Usage Tutorials}{section.1}% 5
\BOOKMARK [1][-]{section.2}{Implementation}{}% 6
\BOOKMARK [2][-]{subsection.2.1}{Webserver Application and Database}{section.2}% 7
\BOOKMARK [3][-]{subsubsection.2.1.1}{Access to Uploaded Data}{subsection.2.1}% 8
\BOOKMARK [2][-]{subsection.2.2}{Acquisition of public Escherichia coli genomes}{section.2}% 9
\BOOKMARK [2][-]{subsection.2.3}{Comparative Genomic Analyses}{section.2}% 10
\BOOKMARK [3][-]{subsubsection.2.3.1}{Tree Construction}{subsection.2.3}% 11
\BOOKMARK [3][-]{subsubsection.2.3.2}{Virulence and Anti-microbial Resistance Markers}{subsection.2.3}% 12
\BOOKMARK [3][-]{subsubsection.2.3.3}{Group Comparisons}{subsection.2.3}% 13
\BOOKMARK [2][-]{subsection.2.4}{Stx Typing}{section.2}% 14
\BOOKMARK [2][-]{subsection.2.5}{Geospatial Visualization}{section.2}% 15
\BOOKMARK [2][-]{subsection.2.6}{Continuous Integration}{section.2}% 16
\BOOKMARK [1][-]{section.3}{Results and Discussion}{}% 17
\BOOKMARK [2][-]{subsection.3.1}{Pan-genome}{section.3}% 18
\BOOKMARK [2][-]{subsection.3.2}{Predictive Markers for Sub-groups}{section.3}% 19
\BOOKMARK [2][-]{subsection.3.3}{Distribution of the eae gene}{section.3}% 20
\BOOKMARK [2][-]{subsection.3.4}{Analyses of Geographical and Phylogenetic Clusters}{section.3}% 21
\BOOKMARK [1][-]{section.4}{Conclusions}{}% 22
