2013/04/25 17:59:07 DEBUG> User.pm:84 Modules::User::display_new - Displaying new account form.
2013/04/25 17:59:13 DEBUG> User.pm:84 Modules::User::display_new - Displaying new account form.
2013/04/25 18:01:00 DEBUG> User.pm:84 Modules::User::display_new - Displaying new account form.
2013/04/25 18:03:16 DEBUG> User.pm:84 Modules::User::display_new - Displaying new account form.
2013/04/25 18:03:21 DEBUG> User.pm:84 Modules::User::display_new - Displaying new account form.
2013/04/25 18:12:17 DEBUG> User.pm:84 Modules::User::display_new - Displaying new account form.
2013/04/25 18:13:58 DEBUG> User.pm:84 Modules::User::display_new - Displaying new account form.
2013/04/25 18:14:14 DEBUG> User.pm:112 Modules::User::create - Initiating a user creation.
2013/04/25 18:15:28 DEBUG> User.pm:23 Modules::User::setup - 
2013/04/25 18:15:28 DEBUG> User.pm:112 Modules::User::create - Initiating a user creation.
2013/04/25 18:23:54 DEBUG> User.pm:114 Modules::User::create - Initiating a user creation.
2013/04/25 18:24:39 DEBUG> User.pm:114 Modules::User::create - Initiating a user creation.
2013/04/25 18:25:56 DEBUG> User.pm:114 Modules::User::create - Initiating a user creation.
2013/04/25 18:25:56 DEBUG> User.pm:86 Modules::User::display_new - Displaying new account form.
2013/04/25 18:28:11 DEBUG> User.pm:114 Modules::User::create - Initiating a user creation.
2013/04/25 18:28:11 DEBUG> User.pm:86 Modules::User::display_new - Displaying new account form.
2013/04/26 09:16:20 DEBUG> User.pm:86 Modules::User::display_new - Displaying new account form.
2013/04/26 13:40:54 DEBUG> User.pm:100 Modules::User::display_new - Displaying new account form.
2013/04/26 13:41:19 DEBUG> User.pm:100 Modules::User::display_new - Displaying new account form.
2013/04/26 13:43:56 DEBUG> User.pm:100 Modules::User::display_new - Displaying new account form.
2013/04/26 13:44:01 DEBUG> User.pm:128 Modules::User::create - Initiating a user creation.
2013/04/26 13:44:01 DEBUG> User.pm:100 Modules::User::display_new - Displaying new account form.
2013/04/26 13:44:12 DEBUG> User.pm:128 Modules::User::create - Initiating a user creation.
2013/04/26 13:44:12 DEBUG> User.pm:100 Modules::User::display_new - Displaying new account form.
2013/04/26 13:44:48 DEBUG> User.pm:128 Modules::User::create - Initiating a user creation.
2013/04/26 13:44:48 DEBUG> User.pm:100 Modules::User::display_new - Displaying new account form.
2013/04/26 13:44:56 DEBUG> User.pm:128 Modules::User::create - Initiating a user creation.
2013/04/26 13:44:56 DEBUG> User.pm:100 Modules::User::display_new - Displaying new account form.
2013/04/26 13:54:50 DEBUG> User.pm:100 Modules::User::display_new - Displaying new account form.
2013/04/26 13:55:20 DEBUG> User.pm:100 Modules::User::display_new - Displaying new account form.
2013/04/26 13:55:39 DEBUG> User.pm:128 Modules::User::create - Initiating a user creation.
2013/04/26 13:55:39 DEBUG> User.pm:100 Modules::User::display_new - Displaying new account form.
2013/04/26 14:30:40 DEBUG> User.pm:102 Modules::User::display_new - Displaying new account form.
2013/04/26 14:30:46 DEBUG> User.pm:130 Modules::User::create - Initiating a user creation.
2013/04/26 14:30:46 DEBUG> User.pm:102 Modules::User::display_new - Displaying new account form.
2013/04/26 14:30:55 DEBUG> User.pm:130 Modules::User::create - Initiating a user creation.
2013/04/26 14:30:55 DEBUG> User.pm:102 Modules::User::display_new - Displaying new account form.
2013/04/26 15:26:01 DEBUG> User.pm:102 Modules::User::display_new - Displaying new account form.
2013/04/26 15:26:28 DEBUG> User.pm:128 Modules::User::create - Initiating a user creation.
2013/04/26 15:36:44 DEBUG> User.pm:102 Modules::User::display_new - Displaying new account form.
2013/04/26 15:54:40 DEBUG> User.pm:102 Modules::User::display_new - Displaying new account form.
2013/04/26 15:55:21 DEBUG> User.pm:128 Modules::User::create - Initiating a user creation.
2013/04/26 15:55:21 DEBUG> User.pm:102 Modules::User::display_new - Displaying new account form.
2013/04/26 16:13:07 DEBUG> User.pm:128 Modules::User::create - Initiating a user creation.
2013/04/26 16:13:07 DEBUG> User.pm:102 Modules::User::display_new - Displaying new account form.
2013/04/26 16:13:32 DEBUG> User.pm:129 Modules::User::create - Initiating a user creation.
2013/04/26 16:13:32 DEBUG> User.pm:103 Modules::User::display_new - Displaying new account form.
2013/04/26 16:13:45 DEBUG> User.pm:129 Modules::User::create - Initiating a user creation.
2013/04/26 16:43:58 DEBUG> User.pm:94 Modules::User::display_new - Displaying new account form.
2013/04/26 16:44:21 DEBUG> User.pm:120 Modules::User::create - Initiating a user creation.
2013/04/26 16:44:21 DEBUG> User.pm:94 Modules::User::display_new - Displaying new account form.
2013/04/26 16:44:37 DEBUG> User.pm:120 Modules::User::create - Initiating a user creation.
2013/04/26 16:44:37 DEBUG> User.pm:94 Modules::User::display_new - Displaying new account form.
2013/04/26 16:45:13 DEBUG> User.pm:120 Modules::User::create - Initiating a user creation.
2013/04/29 12:39:16 DEBUG> User.pm:94 Modules::User::display_new - Displaying new account form.
2013/04/29 13:40:08 DEBUG> User.pm:105 Modules::User::display_new - Displaying new account form.
2013/04/29 15:07:07 DEBUG> User.pm:105 Modules::User::new_account - Displaying new account form.
2013/04/29 15:15:23 DEBUG> User.pm:105 Modules::User::new_account - Displaying new account form.
2013/04/29 15:15:58 DEBUG> User.pm:131 Modules::User::create_account - Initiating a user creation.
2013/04/29 15:50:40 DEBUG> User.pm:143 Modules::User::new_account - Displaying new account form.
2013/04/29 15:51:18 DEBUG> User.pm:169 Modules::User::create_account - Initiating a user creation.
2013/04/30 13:55:15 DEBUG> User.pm:144 Modules::User::new_account - Displaying new account form.
2013/04/30 13:56:40 DEBUG> User.pm:144 Modules::User::new_account - Displaying new account form.
2013/04/30 13:57:11 DEBUG> User.pm:170 Modules::User::create_account - Initiating a user creation.
2013/04/30 13:57:11 DEBUG> User.pm:144 Modules::User::new_account - Displaying new account form.
2013/04/30 13:57:19 DEBUG> User.pm:170 Modules::User::create_account - Initiating a user creation.
